<?xml version="1.0" encoding="UTF-8"?>
<testsuite xmlns:xsi="http://www.w3.org/2001/XMLSchema-instance" xsi:noNamespaceSchemaLocation="https://maven.apache.org/surefire/maven-surefire-plugin/xsd/surefire-test-report.xsd" name="co.com.bancodebogota.inbox.bdbmanagerinbox.InboxTest" time="3.931" tests="21" errors="0" skipped="0" failures="0">
  <properties>
[...]
</properties>
  <testcase name="getTaskStatusInfoTest" classname="co.com.bancodebogota.inbox.bdbmanagerinbox.InboxTest" time="0.303"/>
  <testcase name="createGetAditionalInfoTest" classname="co.com.bancodebogota.inbox.bdbmanagerinbox.InboxTest" time="0.054"/>
  <testcase name="createSaveAditionalInfoTest" classname="co.com.bancodebogota.inbox.bdbmanagerinbox.InboxTest" time="0.01"/>
  <testcase name="createTaskDoneNullTest" classname="co.com.bancodebogota.inbox.bdbmanagerinbox.InboxTest" time="0.007"/>
  <testcase name="casesByCustomerTest" classname="co.com.bancodebogota.inbox.bdbmanagerinbox.InboxTest" time="0.01"/>
  <testcase name="getTaskStatusTest" classname="co.com.bancodebogota.inbox.bdbmanagerinbox.InboxTest" time="0.01"/>
  <testcase name="healthInboxTest" classname="co.com.bancodebogota.inbox.bdbmanagerinbox.InboxTest" time="0.001"/>
  <testcase name="saveAditionalInfoTest" classname="co.com.bancodebogota.inbox.bdbmanagerinbox.InboxTest" time="0.017"/>
  <testcase name="casesByCustomerControlerTest" classname="co.com.bancodebogota.inbox.bdbmanagerinbox.InboxTest" time="0.01"/>
  <testcase name="validateException" classname="co.com.bancodebogota.inbox.bdbmanagerinbox.InboxTest" time="0.428"/>
  <testcase name="assignCaseControllerTest" classname="co.com.bancodebogota.inbox.bdbmanagerinbox.InboxTest" time="0.01"/>
  <testcase name="casesByIdControlerTest" classname="co.com.bancodebogota.inbox.bdbmanagerinbox.InboxTest" time="0"/>
  <testcase name="createCaseValidatorTest" classname="co.com.bancodebogota.inbox.bdbmanagerinbox.InboxTest" time="0.002"/>
  <testcase name="casesByEmployeeTest" classname="co.com.bancodebogota.inbox.bdbmanagerinbox.InboxTest" time="0.006"/>
  <testcase name="createCasetest" classname="co.com.bancodebogota.inbox.bdbmanagerinbox.InboxTest" time="0.004"/>
  <testcase name="contextLoads" classname="co.com.bancodebogota.inbox.bdbmanagerinbox.InboxTest" time="0.019"/>
  <testcase name="casesByIdTest" classname="co.com.bancodebogota.inbox.bdbmanagerinbox.InboxTest" time="0.001"/>
  <testcase name="casesByEmployeeControlerTest" classname="co.com.bancodebogota.inbox.bdbmanagerinbox.InboxTest" time="0.017"/>
  <testcase name="createTaskDoneTest" classname="co.com.bancodebogota.inbox.bdbmanagerinbox.InboxTest" time="0.005"/>
  <testcase name="saveAditionalInfoValidatorTest" classname="co.com.bancodebogota.inbox.bdbmanagerinbox.InboxTest" time="0"/>
  <testcase name="createCaseControllerTest" classname="co.com.bancodebogota.inbox.bdbmanagerinbox.InboxTest" time="0"/>
</testsuite>